<?xml version="1.0" encoding="UTF-8"?>
<!-- Generated by org.testng.reporters.JUnitXMLReporter -->
<testsuite ignored="1" hostname="DESKTOP-9RB9S5V" failures="0" tests="1" name="Default test" time="0.208" errors="0" timestamp="2023-04-03T12:04:10 IST">
  <testcase classname="Framework_maven.Softassert" name="modify" time="0.054"/>
  <testcase classname="Framework_maven.Softassert" name="createContact" time="0.0">
    <ignored/>
  </testcase> <!-- createContact -->
</testsuite> <!-- Default test -->
