<?xml version="1.0" encoding="UTF-8"?>
<testng-results ignored="1" total="2" passed="1" failed="0" skipped="0">
  <reporter-output>
  </reporter-output>
  <suite started-at="2023-04-03T12:04:09 IST" name="Default suite" finished-at="2023-04-03T12:04:10 IST" duration-ms="208">
    <groups>
    </groups>
    <test started-at="2023-04-03T12:04:09 IST" name="Default test" finished-at="2023-04-03T12:04:10 IST" duration-ms="208">
      <class name="Framework_maven.Softassert">
        <test-method signature="modify()[pri:0, instance:Framework_maven.Softassert@498d318c]" started-at="2023-04-03T12:04:09 IST" name="modify" finished-at="2023-04-03T12:04:10 IST" duration-ms="54" status="PASS">
          <reporter-output>
          </reporter-output>
        </test-method> <!-- modify -->
      </class> <!-- Framework_maven.Softassert -->
    </test> <!-- Default test -->
  </suite> <!-- Default suite -->
</testng-results>
